2022-03-09 16:22:50,704: INFO --> get_connection() --> Connection successfully established
2022-03-09 16:22:50,716: INFO --> __init__() --> Schema Creation Failed
2022-03-09 16:22:50,716: INFO --> __init__() --> Connection Close
2022-03-09 16:26:10,094: INFO --> get_connection() --> Connection successfully established
2022-03-09 16:26:10,095: INFO --> __init__() --> Schema Creation Failed
2022-03-09 16:26:10,095: INFO --> __init__() --> Connection Close
2022-03-09 16:26:34,812: INFO --> get_connection() --> Connection successfully established
2022-03-09 16:26:34,820: INFO --> __init__() --> Schema Creation Failed
2022-03-09 16:26:34,820: INFO --> __init__() --> Connection Close
2022-03-09 16:36:16,219: INFO --> get_connection() --> Connection successfully established
2022-03-09 16:36:16,221: INFO --> __init__() --> Schema Creation Failed
2022-03-09 16:36:16,221: INFO --> __init__() --> Connection Close
2022-03-09 16:37:50,326: INFO --> get_connection() --> Connection successfully established
2022-03-09 16:38:14,253: INFO --> get_connection() --> Connection successfully established
2022-03-09 16:39:17,606: INFO --> get_connection() --> Connection successfully established
2022-03-09 16:44:07,289: INFO --> get_connection() --> Connection successfully established
2022-03-09 16:44:44,355: INFO --> get_connection() --> Connection successfully established
2022-03-09 16:45:26,695: INFO --> get_connection() --> Connection successfully established
2022-03-09 16:46:16,694: INFO --> get_connection() --> Connection successfully established
2022-03-09 17:06:08,131: INFO --> get_connection() --> Connection successfully established
2022-03-09 17:07:47,664: INFO --> get_connection() --> Connection successfully established
2022-03-09 17:12:05,182: INFO --> get_connection() --> Connection successfully established
2022-03-09 17:16:30,042: INFO --> get_connection() --> Connection successfully established
2022-03-09 17:16:30,043: INFO --> __init__() --> Schema Creation Failed
2022-03-09 17:16:30,044: INFO --> __init__() --> Connection Close
2022-03-09 17:19:19,319: INFO --> get_connection() --> Connection successfully established
2022-03-09 17:19:19,357: INFO --> __init__() --> Schema Created
2022-03-09 17:19:19,358: INFO --> __init__() --> Connection Close
2022-03-10 17:49:19,242: INFO --> get_connection() --> Connection successfully established
2022-03-10 17:49:19,298: INFO --> get_engine() --> Engine successfully created
2022-03-10 17:53:41,126: INFO --> get_connection() --> Connection successfully established
2022-03-10 17:53:41,149: INFO --> get_engine() --> Engine successfully created
2022-03-10 17:53:41,956: INFO --> file_to_query() --> Query Execution Unsuccessful
2022-03-10 17:53:41,956: INFO --> file_to_query() --> Table Creation Successful.
2022-03-10 17:53:41,970: INFO --> read_sheets() --> Execution Successful.
